2025-06-04 16:14:29,646 [1] INFO Microsoft.Hosting.Lifetime - Now listening on: http://localhost:5001
2025-06-04 16:14:29,683 [1] INFO Microsoft.Hosting.Lifetime - Application started. Press Ctrl+C to shut down.
2025-06-04 16:14:29,686 [1] INFO Microsoft.Hosting.Lifetime - Hosting environment: Development
2025-06-04 16:14:29,686 [1] INFO Microsoft.Hosting.Lifetime - Content root path: C:\PresidioTraining\03-06-2025\FirstAPI
2025-06-04 16:31:36,069 [3] INFO Microsoft.Hosting.Lifetime - Application is shutting down...
2025-06-04 16:33:23,122 [1] INFO Microsoft.Hosting.Lifetime - Now listening on: http://localhost:5001
2025-06-04 16:33:23,130 [1] INFO Microsoft.Hosting.Lifetime - Application started. Press Ctrl+C to shut down.
2025-06-04 16:33:23,130 [1] INFO Microsoft.Hosting.Lifetime - Hosting environment: Development
2025-06-04 16:33:23,130 [1] INFO Microsoft.Hosting.Lifetime - Content root path: C:\PresidioTraining\04-06-2025\FirstAPI
2025-06-04 18:26:41,404 [23] INFO Microsoft.Hosting.Lifetime - Application is shutting down...
2025-06-04 18:26:44,836 [1] INFO Microsoft.Hosting.Lifetime - Now listening on: http://localhost:5001
2025-06-04 18:26:44,842 [1] INFO Microsoft.Hosting.Lifetime - Application started. Press Ctrl+C to shut down.
2025-06-04 18:26:44,842 [1] INFO Microsoft.Hosting.Lifetime - Hosting environment: Development
2025-06-04 18:26:44,842 [1] INFO Microsoft.Hosting.Lifetime - Content root path: C:\PresidioTraining\04-06-2025\FirstAPI
2025-06-05 09:43:34,265 [1] INFO Microsoft.Hosting.Lifetime - Now listening on: http://localhost:5001
2025-06-05 09:43:34,271 [1] INFO Microsoft.Hosting.Lifetime - Application started. Press Ctrl+C to shut down.
2025-06-05 09:43:34,272 [1] INFO Microsoft.Hosting.Lifetime - Hosting environment: Development
2025-06-05 09:43:34,272 [1] INFO Microsoft.Hosting.Lifetime - Content root path: C:\PresidioTraining\05-06-2025\FirstAPI
2025-06-05 09:43:41,334 [.NET TP Worker] ERROR Microsoft.AspNetCore.Diagnostics.DeveloperExceptionPageMiddleware - An unhandled exception has occurred while executing the request.
Swashbuckle.AspNetCore.SwaggerGen.SwaggerGeneratorException: Failed to generate Operation for action - FileApi.Controllers.FileController.UploadFile (FirstAPI). See inner exception
 ---> Swashbuckle.AspNetCore.SwaggerGen.SwaggerGeneratorException: Error reading parameter(s) for action FileApi.Controllers.FileController.UploadFile (FirstAPI) as [FromForm] attribute used with IFormFile. Please refer to https://github.com/domaindrivendev/Swashbuckle.AspNetCore#handle-forms-and-file-uploads for more information
   at Swashbuckle.AspNetCore.SwaggerGen.SwaggerGenerator.GenerateParameters(ApiDescription apiDescription, SchemaRepository schemaRespository)
   at Swashbuckle.AspNetCore.SwaggerGen.SwaggerGenerator.GenerateOperation(ApiDescription apiDescription, SchemaRepository schemaRepository)
   --- End of inner exception stack trace ---
   at Swashbuckle.AspNetCore.SwaggerGen.SwaggerGenerator.GenerateOperation(ApiDescription apiDescription, SchemaRepository schemaRepository)
   at Swashbuckle.AspNetCore.SwaggerGen.SwaggerGenerator.GenerateOperations(IEnumerable`1 apiDescriptions, SchemaRepository schemaRepository)
   at Swashbuckle.AspNetCore.SwaggerGen.SwaggerGenerator.GeneratePaths(IEnumerable`1 apiDescriptions, SchemaRepository schemaRepository)
   at Swashbuckle.AspNetCore.SwaggerGen.SwaggerGenerator.GetSwaggerDocumentWithoutFilters(String documentName, String host, String basePath)
   at Swashbuckle.AspNetCore.SwaggerGen.SwaggerGenerator.GetSwaggerAsync(String documentName, String host, String basePath)
   at Swashbuckle.AspNetCore.Swagger.SwaggerMiddleware.Invoke(HttpContext httpContext, ISwaggerProvider swaggerProvider)
   at Microsoft.AspNetCore.Diagnostics.DeveloperExceptionPageMiddlewareImpl.Invoke(HttpContext context)
2025-06-05 09:45:37,126 [20] INFO Microsoft.Hosting.Lifetime - Application is shutting down...
2025-06-05 09:45:41,165 [1] INFO Microsoft.Hosting.Lifetime - Now listening on: http://localhost:5001
2025-06-05 09:45:41,172 [1] INFO Microsoft.Hosting.Lifetime - Application started. Press Ctrl+C to shut down.
2025-06-05 09:45:41,173 [1] INFO Microsoft.Hosting.Lifetime - Hosting environment: Development
2025-06-05 09:45:41,173 [1] INFO Microsoft.Hosting.Lifetime - Content root path: C:\PresidioTraining\05-06-2025\FirstAPI
2025-06-05 09:45:45,090 [.NET TP Worker] ERROR Microsoft.AspNetCore.Diagnostics.DeveloperExceptionPageMiddleware - An unhandled exception has occurred while executing the request.
Swashbuckle.AspNetCore.SwaggerGen.SwaggerGeneratorException: Failed to generate Operation for action - FileApi.Controllers.FileController.UploadFile (FirstAPI). See inner exception
 ---> Swashbuckle.AspNetCore.SwaggerGen.SwaggerGeneratorException: Error reading parameter(s) for action FileApi.Controllers.FileController.UploadFile (FirstAPI) as [FromForm] attribute used with IFormFile. Please refer to https://github.com/domaindrivendev/Swashbuckle.AspNetCore#handle-forms-and-file-uploads for more information
   at Swashbuckle.AspNetCore.SwaggerGen.SwaggerGenerator.GenerateParameters(ApiDescription apiDescription, SchemaRepository schemaRespository)
   at Swashbuckle.AspNetCore.SwaggerGen.SwaggerGenerator.GenerateOperation(ApiDescription apiDescription, SchemaRepository schemaRepository)
   --- End of inner exception stack trace ---
   at Swashbuckle.AspNetCore.SwaggerGen.SwaggerGenerator.GenerateOperation(ApiDescription apiDescription, SchemaRepository schemaRepository)
   at Swashbuckle.AspNetCore.SwaggerGen.SwaggerGenerator.GenerateOperations(IEnumerable`1 apiDescriptions, SchemaRepository schemaRepository)
   at Swashbuckle.AspNetCore.SwaggerGen.SwaggerGenerator.GeneratePaths(IEnumerable`1 apiDescriptions, SchemaRepository schemaRepository)
   at Swashbuckle.AspNetCore.SwaggerGen.SwaggerGenerator.GetSwaggerDocumentWithoutFilters(String documentName, String host, String basePath)
   at Swashbuckle.AspNetCore.SwaggerGen.SwaggerGenerator.GetSwaggerAsync(String documentName, String host, String basePath)
   at Swashbuckle.AspNetCore.Swagger.SwaggerMiddleware.Invoke(HttpContext httpContext, ISwaggerProvider swaggerProvider)
   at Microsoft.AspNetCore.Diagnostics.DeveloperExceptionPageMiddlewareImpl.Invoke(HttpContext context)
2025-06-05 09:57:17,741 [23] INFO Microsoft.Hosting.Lifetime - Application is shutting down...
2025-06-05 09:57:25,185 [1] INFO Microsoft.Hosting.Lifetime - Now listening on: http://localhost:5001
2025-06-05 09:57:25,192 [1] INFO Microsoft.Hosting.Lifetime - Application started. Press Ctrl+C to shut down.
2025-06-05 09:57:25,192 [1] INFO Microsoft.Hosting.Lifetime - Hosting environment: Development
2025-06-05 09:57:25,192 [1] INFO Microsoft.Hosting.Lifetime - Content root path: C:\PresidioTraining\05-06-2025\FirstAPI
2025-06-05 10:00:57,066 [25] INFO Microsoft.Hosting.Lifetime - Application is shutting down...
2025-06-05 10:01:01,250 [1] INFO Microsoft.Hosting.Lifetime - Now listening on: http://localhost:5001
2025-06-05 10:01:01,259 [1] INFO Microsoft.Hosting.Lifetime - Application started. Press Ctrl+C to shut down.
2025-06-05 10:01:01,260 [1] INFO Microsoft.Hosting.Lifetime - Hosting environment: Development
2025-06-05 10:01:01,260 [1] INFO Microsoft.Hosting.Lifetime - Content root path: C:\PresidioTraining\05-06-2025\FirstAPI
2025-06-05 10:01:12,524 [.NET TP Worker] ERROR Microsoft.AspNetCore.Diagnostics.DeveloperExceptionPageMiddleware - An unhandled exception has occurred while executing the request.
Swashbuckle.AspNetCore.SwaggerGen.SwaggerGeneratorException: Failed to generate Operation for action - FistAPI.Controllers.FileController.UploadFile (FirstAPI). See inner exception
 ---> Swashbuckle.AspNetCore.SwaggerGen.SwaggerGeneratorException: Error reading parameter(s) for action FistAPI.Controllers.FileController.UploadFile (FirstAPI) as [FromForm] attribute used with IFormFile. Please refer to https://github.com/domaindrivendev/Swashbuckle.AspNetCore#handle-forms-and-file-uploads for more information
   at Swashbuckle.AspNetCore.SwaggerGen.SwaggerGenerator.GenerateParameters(ApiDescription apiDescription, SchemaRepository schemaRespository)
   at Swashbuckle.AspNetCore.SwaggerGen.SwaggerGenerator.GenerateOperation(ApiDescription apiDescription, SchemaRepository schemaRepository)
   --- End of inner exception stack trace ---
   at Swashbuckle.AspNetCore.SwaggerGen.SwaggerGenerator.GenerateOperation(ApiDescription apiDescription, SchemaRepository schemaRepository)
   at Swashbuckle.AspNetCore.SwaggerGen.SwaggerGenerator.GenerateOperations(IEnumerable`1 apiDescriptions, SchemaRepository schemaRepository)
   at Swashbuckle.AspNetCore.SwaggerGen.SwaggerGenerator.GeneratePaths(IEnumerable`1 apiDescriptions, SchemaRepository schemaRepository)
   at Swashbuckle.AspNetCore.SwaggerGen.SwaggerGenerator.GetSwaggerDocumentWithoutFilters(String documentName, String host, String basePath)
   at Swashbuckle.AspNetCore.SwaggerGen.SwaggerGenerator.GetSwaggerAsync(String documentName, String host, String basePath)
   at Swashbuckle.AspNetCore.Swagger.SwaggerMiddleware.Invoke(HttpContext httpContext, ISwaggerProvider swaggerProvider)
   at Microsoft.AspNetCore.Diagnostics.DeveloperExceptionPageMiddlewareImpl.Invoke(HttpContext context)
2025-06-05 10:03:37,062 [12] INFO Microsoft.Hosting.Lifetime - Application is shutting down...
2025-06-05 10:04:10,322 [1] INFO Microsoft.Hosting.Lifetime - Now listening on: http://localhost:5001
2025-06-05 10:04:10,329 [1] INFO Microsoft.Hosting.Lifetime - Application started. Press Ctrl+C to shut down.
2025-06-05 10:04:10,329 [1] INFO Microsoft.Hosting.Lifetime - Hosting environment: Development
2025-06-05 10:04:10,329 [1] INFO Microsoft.Hosting.Lifetime - Content root path: C:\PresidioTraining\05-06-2025\FirstAPI
2025-06-05 10:04:14,795 [.NET TP Worker] ERROR Microsoft.AspNetCore.Diagnostics.DeveloperExceptionPageMiddleware - An unhandled exception has occurred while executing the request.
Swashbuckle.AspNetCore.SwaggerGen.SwaggerGeneratorException: Failed to generate Operation for action - FistAPI.Controllers.FileController.UploadFile (FirstAPI). See inner exception
 ---> Swashbuckle.AspNetCore.SwaggerGen.SwaggerGeneratorException: Error reading parameter(s) for action FistAPI.Controllers.FileController.UploadFile (FirstAPI) as [FromForm] attribute used with IFormFile. Please refer to https://github.com/domaindrivendev/Swashbuckle.AspNetCore#handle-forms-and-file-uploads for more information
   at Swashbuckle.AspNetCore.SwaggerGen.SwaggerGenerator.GenerateParameters(ApiDescription apiDescription, SchemaRepository schemaRespository)
   at Swashbuckle.AspNetCore.SwaggerGen.SwaggerGenerator.GenerateOperation(ApiDescription apiDescription, SchemaRepository schemaRepository)
   --- End of inner exception stack trace ---
   at Swashbuckle.AspNetCore.SwaggerGen.SwaggerGenerator.GenerateOperation(ApiDescription apiDescription, SchemaRepository schemaRepository)
   at Swashbuckle.AspNetCore.SwaggerGen.SwaggerGenerator.GenerateOperations(IEnumerable`1 apiDescriptions, SchemaRepository schemaRepository)
   at Swashbuckle.AspNetCore.SwaggerGen.SwaggerGenerator.GeneratePaths(IEnumerable`1 apiDescriptions, SchemaRepository schemaRepository)
   at Swashbuckle.AspNetCore.SwaggerGen.SwaggerGenerator.GetSwaggerDocumentWithoutFilters(String documentName, String host, String basePath)
   at Swashbuckle.AspNetCore.SwaggerGen.SwaggerGenerator.GetSwaggerAsync(String documentName, String host, String basePath)
   at Swashbuckle.AspNetCore.Swagger.SwaggerMiddleware.Invoke(HttpContext httpContext, ISwaggerProvider swaggerProvider)
   at Microsoft.AspNetCore.Diagnostics.DeveloperExceptionPageMiddlewareImpl.Invoke(HttpContext context)
2025-06-05 10:05:45,796 [19] INFO Microsoft.Hosting.Lifetime - Application is shutting down...
2025-06-05 10:05:49,113 [1] INFO Microsoft.Hosting.Lifetime - Now listening on: http://localhost:5001
2025-06-05 10:05:49,120 [1] INFO Microsoft.Hosting.Lifetime - Application started. Press Ctrl+C to shut down.
2025-06-05 10:05:49,120 [1] INFO Microsoft.Hosting.Lifetime - Hosting environment: Development
2025-06-05 10:05:49,120 [1] INFO Microsoft.Hosting.Lifetime - Content root path: C:\PresidioTraining\05-06-2025\FirstAPI
2025-06-05 10:05:53,263 [.NET TP Worker] ERROR Microsoft.AspNetCore.Diagnostics.DeveloperExceptionPageMiddleware - An unhandled exception has occurred while executing the request.
Swashbuckle.AspNetCore.SwaggerGen.SwaggerGeneratorException: Failed to generate Operation for action - FistAPI.Controllers.FileController.UploadFile (FirstAPI). See inner exception
 ---> Swashbuckle.AspNetCore.SwaggerGen.SwaggerGeneratorException: Error reading parameter(s) for action FistAPI.Controllers.FileController.UploadFile (FirstAPI) as [FromForm] attribute used with IFormFile. Please refer to https://github.com/domaindrivendev/Swashbuckle.AspNetCore#handle-forms-and-file-uploads for more information
   at Swashbuckle.AspNetCore.SwaggerGen.SwaggerGenerator.GenerateParameters(ApiDescription apiDescription, SchemaRepository schemaRespository)
   at Swashbuckle.AspNetCore.SwaggerGen.SwaggerGenerator.GenerateOperation(ApiDescription apiDescription, SchemaRepository schemaRepository)
   --- End of inner exception stack trace ---
   at Swashbuckle.AspNetCore.SwaggerGen.SwaggerGenerator.GenerateOperation(ApiDescription apiDescription, SchemaRepository schemaRepository)
   at Swashbuckle.AspNetCore.SwaggerGen.SwaggerGenerator.GenerateOperations(IEnumerable`1 apiDescriptions, SchemaRepository schemaRepository)
   at Swashbuckle.AspNetCore.SwaggerGen.SwaggerGenerator.GeneratePaths(IEnumerable`1 apiDescriptions, SchemaRepository schemaRepository)
   at Swashbuckle.AspNetCore.SwaggerGen.SwaggerGenerator.GetSwaggerDocumentWithoutFilters(String documentName, String host, String basePath)
   at Swashbuckle.AspNetCore.SwaggerGen.SwaggerGenerator.GetSwaggerAsync(String documentName, String host, String basePath)
   at Swashbuckle.AspNetCore.Swagger.SwaggerMiddleware.Invoke(HttpContext httpContext, ISwaggerProvider swaggerProvider)
   at Microsoft.AspNetCore.Diagnostics.DeveloperExceptionPageMiddlewareImpl.Invoke(HttpContext context)
2025-06-05 10:07:11,962 [3] INFO Microsoft.Hosting.Lifetime - Application is shutting down...
2025-06-05 10:07:15,107 [1] INFO Microsoft.Hosting.Lifetime - Now listening on: http://localhost:5001
2025-06-05 10:07:15,114 [1] INFO Microsoft.Hosting.Lifetime - Application started. Press Ctrl+C to shut down.
2025-06-05 10:07:15,114 [1] INFO Microsoft.Hosting.Lifetime - Hosting environment: Development
2025-06-05 10:07:15,114 [1] INFO Microsoft.Hosting.Lifetime - Content root path: C:\PresidioTraining\05-06-2025\FirstAPI
2025-06-05 10:07:21,021 [.NET TP Worker] ERROR Microsoft.AspNetCore.Diagnostics.DeveloperExceptionPageMiddleware - An unhandled exception has occurred while executing the request.
Swashbuckle.AspNetCore.SwaggerGen.SwaggerGeneratorException: Failed to generate Operation for action - FirstAPI.Controllers.FileController.UploadFile (FirstAPI). See inner exception
 ---> Swashbuckle.AspNetCore.SwaggerGen.SwaggerGeneratorException: Error reading parameter(s) for action FirstAPI.Controllers.FileController.UploadFile (FirstAPI) as [FromForm] attribute used with IFormFile. Please refer to https://github.com/domaindrivendev/Swashbuckle.AspNetCore#handle-forms-and-file-uploads for more information
   at Swashbuckle.AspNetCore.SwaggerGen.SwaggerGenerator.GenerateParameters(ApiDescription apiDescription, SchemaRepository schemaRespository)
   at Swashbuckle.AspNetCore.SwaggerGen.SwaggerGenerator.GenerateOperation(ApiDescription apiDescription, SchemaRepository schemaRepository)
   --- End of inner exception stack trace ---
   at Swashbuckle.AspNetCore.SwaggerGen.SwaggerGenerator.GenerateOperation(ApiDescription apiDescription, SchemaRepository schemaRepository)
   at Swashbuckle.AspNetCore.SwaggerGen.SwaggerGenerator.GenerateOperations(IEnumerable`1 apiDescriptions, SchemaRepository schemaRepository)
   at Swashbuckle.AspNetCore.SwaggerGen.SwaggerGenerator.GeneratePaths(IEnumerable`1 apiDescriptions, SchemaRepository schemaRepository)
   at Swashbuckle.AspNetCore.SwaggerGen.SwaggerGenerator.GetSwaggerDocumentWithoutFilters(String documentName, String host, String basePath)
   at Swashbuckle.AspNetCore.SwaggerGen.SwaggerGenerator.GetSwaggerAsync(String documentName, String host, String basePath)
   at Swashbuckle.AspNetCore.Swagger.SwaggerMiddleware.Invoke(HttpContext httpContext, ISwaggerProvider swaggerProvider)
   at Microsoft.AspNetCore.Diagnostics.DeveloperExceptionPageMiddlewareImpl.Invoke(HttpContext context)
2025-06-05 10:10:53,496 [19] INFO Microsoft.Hosting.Lifetime - Application is shutting down...
2025-06-05 10:10:56,594 [1] INFO Microsoft.Hosting.Lifetime - Now listening on: http://localhost:5001
2025-06-05 10:10:56,601 [1] INFO Microsoft.Hosting.Lifetime - Application started. Press Ctrl+C to shut down.
2025-06-05 10:10:56,601 [1] INFO Microsoft.Hosting.Lifetime - Hosting environment: Development
2025-06-05 10:10:56,601 [1] INFO Microsoft.Hosting.Lifetime - Content root path: C:\PresidioTraining\05-06-2025\FirstAPI
2025-06-05 10:10:59,977 [.NET TP Worker] ERROR Microsoft.AspNetCore.Diagnostics.DeveloperExceptionPageMiddleware - An unhandled exception has occurred while executing the request.
Swashbuckle.AspNetCore.SwaggerGen.SwaggerGeneratorException: Failed to generate Operation for action - FirstAPI.Controllers.FileController.UploadFile (FirstAPI). See inner exception
 ---> Swashbuckle.AspNetCore.SwaggerGen.SwaggerGeneratorException: Error reading parameter(s) for action FirstAPI.Controllers.FileController.UploadFile (FirstAPI) as [FromForm] attribute used with IFormFile. Please refer to https://github.com/domaindrivendev/Swashbuckle.AspNetCore#handle-forms-and-file-uploads for more information
   at Swashbuckle.AspNetCore.SwaggerGen.SwaggerGenerator.GenerateParameters(ApiDescription apiDescription, SchemaRepository schemaRespository)
   at Swashbuckle.AspNetCore.SwaggerGen.SwaggerGenerator.GenerateOperation(ApiDescription apiDescription, SchemaRepository schemaRepository)
   --- End of inner exception stack trace ---
   at Swashbuckle.AspNetCore.SwaggerGen.SwaggerGenerator.GenerateOperation(ApiDescription apiDescription, SchemaRepository schemaRepository)
   at Swashbuckle.AspNetCore.SwaggerGen.SwaggerGenerator.GenerateOperations(IEnumerable`1 apiDescriptions, SchemaRepository schemaRepository)
   at Swashbuckle.AspNetCore.SwaggerGen.SwaggerGenerator.GeneratePaths(IEnumerable`1 apiDescriptions, SchemaRepository schemaRepository)
   at Swashbuckle.AspNetCore.SwaggerGen.SwaggerGenerator.GetSwaggerDocumentWithoutFilters(String documentName, String host, String basePath)
   at Swashbuckle.AspNetCore.SwaggerGen.SwaggerGenerator.GetSwaggerAsync(String documentName, String host, String basePath)
   at Swashbuckle.AspNetCore.Swagger.SwaggerMiddleware.Invoke(HttpContext httpContext, ISwaggerProvider swaggerProvider)
   at Microsoft.AspNetCore.Diagnostics.DeveloperExceptionPageMiddlewareImpl.Invoke(HttpContext context)
2025-06-05 10:11:48,198 [15] INFO Microsoft.Hosting.Lifetime - Application is shutting down...
2025-06-05 10:12:28,525 [1] INFO Microsoft.Hosting.Lifetime - Now listening on: http://localhost:5001
2025-06-05 10:12:28,532 [1] INFO Microsoft.Hosting.Lifetime - Application started. Press Ctrl+C to shut down.
2025-06-05 10:12:28,532 [1] INFO Microsoft.Hosting.Lifetime - Hosting environment: Development
2025-06-05 10:12:28,532 [1] INFO Microsoft.Hosting.Lifetime - Content root path: C:\PresidioTraining\05-06-2025\FirstAPI
2025-06-05 10:12:33,279 [.NET TP Worker] ERROR Microsoft.AspNetCore.Diagnostics.DeveloperExceptionPageMiddleware - An unhandled exception has occurred while executing the request.
Swashbuckle.AspNetCore.SwaggerGen.SwaggerGeneratorException: Failed to generate Operation for action - FirstAPI.Controllers.FileController.UploadFile (FirstAPI). See inner exception
 ---> Swashbuckle.AspNetCore.SwaggerGen.SwaggerGeneratorException: Error reading parameter(s) for action FirstAPI.Controllers.FileController.UploadFile (FirstAPI) as [FromForm] attribute used with IFormFile. Please refer to https://github.com/domaindrivendev/Swashbuckle.AspNetCore#handle-forms-and-file-uploads for more information
   at Swashbuckle.AspNetCore.SwaggerGen.SwaggerGenerator.GenerateParameters(ApiDescription apiDescription, SchemaRepository schemaRespository)
   at Swashbuckle.AspNetCore.SwaggerGen.SwaggerGenerator.GenerateOperation(ApiDescription apiDescription, SchemaRepository schemaRepository)
   --- End of inner exception stack trace ---
   at Swashbuckle.AspNetCore.SwaggerGen.SwaggerGenerator.GenerateOperation(ApiDescription apiDescription, SchemaRepository schemaRepository)
   at Swashbuckle.AspNetCore.SwaggerGen.SwaggerGenerator.GenerateOperations(IEnumerable`1 apiDescriptions, SchemaRepository schemaRepository)
   at Swashbuckle.AspNetCore.SwaggerGen.SwaggerGenerator.GeneratePaths(IEnumerable`1 apiDescriptions, SchemaRepository schemaRepository)
   at Swashbuckle.AspNetCore.SwaggerGen.SwaggerGenerator.GetSwaggerDocumentWithoutFilters(String documentName, String host, String basePath)
   at Swashbuckle.AspNetCore.SwaggerGen.SwaggerGenerator.GetSwaggerAsync(String documentName, String host, String basePath)
   at Swashbuckle.AspNetCore.Swagger.SwaggerMiddleware.Invoke(HttpContext httpContext, ISwaggerProvider swaggerProvider)
   at Microsoft.AspNetCore.Diagnostics.DeveloperExceptionPageMiddlewareImpl.Invoke(HttpContext context)
2025-06-05 10:13:38,900 [3] INFO Microsoft.Hosting.Lifetime - Application is shutting down...
2025-06-05 10:13:52,613 [1] INFO Microsoft.Hosting.Lifetime - Now listening on: http://localhost:5001
2025-06-05 10:13:52,620 [1] INFO Microsoft.Hosting.Lifetime - Application started. Press Ctrl+C to shut down.
2025-06-05 10:13:52,620 [1] INFO Microsoft.Hosting.Lifetime - Hosting environment: Development
2025-06-05 10:13:52,620 [1] INFO Microsoft.Hosting.Lifetime - Content root path: C:\PresidioTraining\05-06-2025\FirstAPI
2025-06-05 10:13:57,871 [.NET TP Worker] ERROR Microsoft.AspNetCore.Diagnostics.DeveloperExceptionPageMiddleware - An unhandled exception has occurred while executing the request.
Swashbuckle.AspNetCore.SwaggerGen.SwaggerGeneratorException: Failed to generate Operation for action - FirstAPI.Controllers.FileController.UploadFile (FirstAPI). See inner exception
 ---> Swashbuckle.AspNetCore.SwaggerGen.SwaggerGeneratorException: Error reading parameter(s) for action FirstAPI.Controllers.FileController.UploadFile (FirstAPI) as [FromForm] attribute used with IFormFile. Please refer to https://github.com/domaindrivendev/Swashbuckle.AspNetCore#handle-forms-and-file-uploads for more information
   at Swashbuckle.AspNetCore.SwaggerGen.SwaggerGenerator.GenerateParameters(ApiDescription apiDescription, SchemaRepository schemaRespository)
   at Swashbuckle.AspNetCore.SwaggerGen.SwaggerGenerator.GenerateOperation(ApiDescription apiDescription, SchemaRepository schemaRepository)
   --- End of inner exception stack trace ---
   at Swashbuckle.AspNetCore.SwaggerGen.SwaggerGenerator.GenerateOperation(ApiDescription apiDescription, SchemaRepository schemaRepository)
   at Swashbuckle.AspNetCore.SwaggerGen.SwaggerGenerator.GenerateOperations(IEnumerable`1 apiDescriptions, SchemaRepository schemaRepository)
   at Swashbuckle.AspNetCore.SwaggerGen.SwaggerGenerator.GeneratePaths(IEnumerable`1 apiDescriptions, SchemaRepository schemaRepository)
   at Swashbuckle.AspNetCore.SwaggerGen.SwaggerGenerator.GetSwaggerDocumentWithoutFilters(String documentName, String host, String basePath)
   at Swashbuckle.AspNetCore.SwaggerGen.SwaggerGenerator.GetSwaggerAsync(String documentName, String host, String basePath)
   at Swashbuckle.AspNetCore.Swagger.SwaggerMiddleware.Invoke(HttpContext httpContext, ISwaggerProvider swaggerProvider)
   at Microsoft.AspNetCore.Diagnostics.DeveloperExceptionPageMiddlewareImpl.Invoke(HttpContext context)
2025-06-05 10:23:23,342 [44] INFO Microsoft.Hosting.Lifetime - Application is shutting down...
2025-06-05 10:23:29,311 [1] INFO Microsoft.Hosting.Lifetime - Now listening on: http://localhost:5001
2025-06-05 10:23:29,321 [1] INFO Microsoft.Hosting.Lifetime - Application started. Press Ctrl+C to shut down.
2025-06-05 10:23:29,322 [1] INFO Microsoft.Hosting.Lifetime - Hosting environment: Development
2025-06-05 10:23:29,322 [1] INFO Microsoft.Hosting.Lifetime - Content root path: C:\PresidioTraining\05-06-2025\FirstAPI
2025-06-05 10:23:35,961 [.NET TP Worker] ERROR Microsoft.AspNetCore.Diagnostics.DeveloperExceptionPageMiddleware - An unhandled exception has occurred while executing the request.
Swashbuckle.AspNetCore.SwaggerGen.SwaggerGeneratorException: Failed to generate Operation for action - FirstAPI.Controllers.FileController.UploadFile (FirstAPI). See inner exception
 ---> Swashbuckle.AspNetCore.SwaggerGen.SwaggerGeneratorException: Error reading parameter(s) for action FirstAPI.Controllers.FileController.UploadFile (FirstAPI) as [FromForm] attribute used with IFormFile. Please refer to https://github.com/domaindrivendev/Swashbuckle.AspNetCore#handle-forms-and-file-uploads for more information
   at Swashbuckle.AspNetCore.SwaggerGen.SwaggerGenerator.GenerateParameters(ApiDescription apiDescription, SchemaRepository schemaRespository)
   at Swashbuckle.AspNetCore.SwaggerGen.SwaggerGenerator.GenerateOperation(ApiDescription apiDescription, SchemaRepository schemaRepository)
   --- End of inner exception stack trace ---
   at Swashbuckle.AspNetCore.SwaggerGen.SwaggerGenerator.GenerateOperation(ApiDescription apiDescription, SchemaRepository schemaRepository)
   at Swashbuckle.AspNetCore.SwaggerGen.SwaggerGenerator.GenerateOperations(IEnumerable`1 apiDescriptions, SchemaRepository schemaRepository)
   at Swashbuckle.AspNetCore.SwaggerGen.SwaggerGenerator.GeneratePaths(IEnumerable`1 apiDescriptions, SchemaRepository schemaRepository)
   at Swashbuckle.AspNetCore.SwaggerGen.SwaggerGenerator.GetSwaggerDocumentWithoutFilters(String documentName, String host, String basePath)
   at Swashbuckle.AspNetCore.SwaggerGen.SwaggerGenerator.GetSwaggerAsync(String documentName, String host, String basePath)
   at Swashbuckle.AspNetCore.Swagger.SwaggerMiddleware.Invoke(HttpContext httpContext, ISwaggerProvider swaggerProvider)
   at Microsoft.AspNetCore.Diagnostics.DeveloperExceptionPageMiddlewareImpl.Invoke(HttpContext context)
2025-06-05 12:14:27,719 [15] INFO Microsoft.Hosting.Lifetime - Application is shutting down...
2025-06-05 12:20:05,540 [1] INFO Microsoft.Hosting.Lifetime - Now listening on: http://localhost:5001
2025-06-05 12:20:05,551 [1] INFO Microsoft.Hosting.Lifetime - Application started. Press Ctrl+C to shut down.
2025-06-05 12:20:05,552 [1] INFO Microsoft.Hosting.Lifetime - Hosting environment: Development
2025-06-05 12:20:05,552 [1] INFO Microsoft.Hosting.Lifetime - Content root path: C:\PresidioTraining\05-06-2025\FirstAPI
2025-06-05 12:24:03,086 [19] INFO Microsoft.Hosting.Lifetime - Application is shutting down...
2025-06-05 12:24:08,599 [1] INFO Microsoft.Hosting.Lifetime - Now listening on: http://localhost:5001
2025-06-05 12:24:08,612 [1] INFO Microsoft.Hosting.Lifetime - Application started. Press Ctrl+C to shut down.
2025-06-05 12:24:08,613 [1] INFO Microsoft.Hosting.Lifetime - Hosting environment: Development
2025-06-05 12:24:08,613 [1] INFO Microsoft.Hosting.Lifetime - Content root path: C:\PresidioTraining\05-06-2025\FirstAPI
